-------- Plugin Loading Log ------------

Loading from root path: /Applications/Adobe Media Encoder CC 2015.3/Adobe Media Encoder CC 2015.app/Contents/Plug-ins/en_US/
Clearing the plugin cache from the registry

Scanning for the following file types: *.bundle, *.plugin, *.prmp, *.vst

Scanning /Applications/Adobe Media Encoder CC 2015.3/Adobe Media Encoder CC 2015.app/Contents/Plug-ins/en_US/ and sub-directories

Loading /Applications/Adobe Media Encoder CC 2015.3/Adobe Media Encoder CC 2015.app/Contents/Plug-Ins/en_US/VSTPlugins/Chorus1.vst
Loading from disk...
This plugin was recognized by loader 0c25b1b0-35d6-4750-be5a-a7f92f33e017.

Loading /Applications/Adobe Media Encoder CC 2015.3/Adobe Media Encoder CC 2015.app/Contents/Plug-Ins/en_US/VSTPlugins/Chorus2.vst
Loading from disk...
This plugin was recognized by loader 0c25b1b0-35d6-4750-be5a-a7f92f33e017.

Loading /Applications/Adobe Media Encoder CC 2015.3/Adobe Media Encoder CC 2015.app/Contents/Plug-Ins/en_US/VSTPlugins/Chorus6.vst
Loading from disk...
This plugin was recognized by loader 0c25b1b0-35d6-4750-be5a-a7f92f33e017.

Loading /Applications/Adobe Media Encoder CC 2015.3/Adobe Media Encoder CC 2015.app/Contents/Plug-Ins/en_US/VSTPlugins/DeClicker1.vst
Loading from disk...
This plugin was recognized by loader 0c25b1b0-35d6-4750-be5a-a7f92f33e017.

Loading /Applications/Adobe Media Encoder CC 2015.3/Adobe Media Encoder CC 2015.app/Contents/Plug-Ins/en_US/VSTPlugins/DeClicker2.vst
Loading from disk...
This plugin was recognized by loader 0c25b1b0-35d6-4750-be5a-a7f92f33e017.

Loading /Applications/Adobe Media Encoder CC 2015.3/Adobe Media Encoder CC 2015.app/Contents/Plug-Ins/en_US/VSTPlugins/DeClicker6.vst
Loading from disk...
This plugin was recognized by loader 0c25b1b0-35d6-4750-be5a-a7f92f33e017.

Loading /Applications/Adobe Media Encoder CC 2015.3/Adobe Media Encoder CC 2015.app/Contents/Plug-Ins/en_US/VSTPlugins/DeCrackler1.vst
Loading from disk...
This plugin was recognized by loader 0c25b1b0-35d6-4750-be5a-a7f92f33e017.

Loading /Applications/Adobe Media Encoder CC 2015.3/Adobe Media Encoder CC 2015.app/Contents/Plug-Ins/en_US/VSTPlugins/DeCrackler2.vst
Loading from disk...
This plugin was recognized by loader 0c25b1b0-35d6-4750-be5a-a7f92f33e017.

Loading /Applications/Adobe Media Encoder CC 2015.3/Adobe Media Encoder CC 2015.app/Contents/Plug-Ins/en_US/VSTPlugins/DeCrackler6.vst
Loading from disk...
This plugin was recognized by loader 0c25b1b0-35d6-4750-be5a-a7f92f33e017.

Loading /Applications/Adobe Media Encoder CC 2015.3/Adobe Media Encoder CC 2015.app/Contents/Plug-Ins/en_US/VSTPlugins/DeEsser1.vst
Loading from disk...
This plugin was recognized by loader 0c25b1b0-35d6-4750-be5a-a7f92f33e017.

Loading /Applications/Adobe Media Encoder CC 2015.3/Adobe Media Encoder CC 2015.app/Contents/Plug-Ins/en_US/VSTPlugins/DeEsser2.vst
Loading from disk...
This plugin was recognized by loader 0c25b1b0-35d6-4750-be5a-a7f92f33e017.

Loading /Applications/Adobe Media Encoder CC 2015.3/Adobe Media Encoder CC 2015.app/Contents/Plug-Ins/en_US/VSTPlugins/DeEsser6.vst
Loading from disk...
This plugin was recognized by loader 0c25b1b0-35d6-4750-be5a-a7f92f33e017.

Loading /Applications/Adobe Media Encoder CC 2015.3/Adobe Media Encoder CC 2015.app/Contents/Plug-Ins/en_US/VSTPlugins/DeHummer1.vst
Loading from disk...
This plugin was recognized by loader 0c25b1b0-35d6-4750-be5a-a7f92f33e017.

Loading /Applications/Adobe Media Encoder CC 2015.3/Adobe Media Encoder CC 2015.app/Contents/Plug-Ins/en_US/VSTPlugins/DeHummer2.vst
Loading from disk...
This plugin was recognized by loader 0c25b1b0-35d6-4750-be5a-a7f92f33e017.

Loading /Applications/Adobe Media Encoder CC 2015.3/Adobe Media Encoder CC 2015.app/Contents/Plug-Ins/en_US/VSTPlugins/DeHummer6.vst
Loading from disk...
This plugin was recognized by loader 0c25b1b0-35d6-4750-be5a-a7f92f33e017.

Loading /Applications/Adobe Media Encoder CC 2015.3/Adobe Media Encoder CC 2015.app/Contents/Plug-Ins/en_US/VSTPlugins/DeNoiser1.vst
Loading from disk...
This plugin was recognized by loader 0c25b1b0-35d6-4750-be5a-a7f92f33e017.

Loading /Applications/Adobe Media Encoder CC 2015.3/Adobe Media Encoder CC 2015.app/Contents/Plug-Ins/en_US/VSTPlugins/DeNoiser2.vst
Loading from disk...
This plugin was recognized by loader 0c25b1b0-35d6-4750-be5a-a7f92f33e017.

Loading /Applications/Adobe Media Encoder CC 2015.3/Adobe Media Encoder CC 2015.app/Contents/Plug-Ins/en_US/VSTPlugins/DeNoiser6.vst
Loading from disk...
This plugin was recognized by loader 0c25b1b0-35d6-4750-be5a-a7f92f33e017.

Loading /Applications/Adobe Media Encoder CC 2015.3/Adobe Media Encoder CC 2015.app/Contents/Plug-Ins/en_US/VSTPlugins/Dynamics1.vst
Loading from disk...
This plugin was recognized by loader 0c25b1b0-35d6-4750-be5a-a7f92f33e017.

Loading /Applications/Adobe Media Encoder CC 2015.3/Adobe Media Encoder CC 2015.app/Contents/Plug-Ins/en_US/VSTPlugins/Dynamics2.vst
Loading from disk...
This plugin was recognized by loader 0c25b1b0-35d6-4750-be5a-a7f92f33e017.

Loading /Applications/Adobe Media Encoder CC 2015.3/Adobe Media Encoder CC 2015.app/Contents/Plug-Ins/en_US/VSTPlugins/Dynamics6.vst
Loading from disk...
This plugin was recognized by loader 0c25b1b0-35d6-4750-be5a-a7f92f33e017.

Loading /Applications/Adobe Media Encoder CC 2015.3/Adobe Media Encoder CC 2015.app/Contents/Plug-Ins/en_US/VSTPlugins/EQ1.vst
Loading from disk...
This plugin was recognized by loader 0c25b1b0-35d6-4750-be5a-a7f92f33e017.

Loading /Applications/Adobe Media Encoder CC 2015.3/Adobe Media Encoder CC 2015.app/Contents/Plug-Ins/en_US/VSTPlugins/EQ2.vst
Loading from disk...
This plugin was recognized by loader 0c25b1b0-35d6-4750-be5a-a7f92f33e017.

Loading /Applications/Adobe Media Encoder CC 2015.3/Adobe Media Encoder CC 2015.app/Contents/Plug-Ins/en_US/VSTPlugins/EQ6.vst
Loading from disk...
This plugin was recognized by loader 0c25b1b0-35d6-4750-be5a-a7f92f33e017.

Loading /Applications/Adobe Media Encoder CC 2015.3/Adobe Media Encoder CC 2015.app/Contents/Plug-Ins/en_US/VSTPlugins/Flanger1.vst
Loading from disk...
This plugin was recognized by loader 0c25b1b0-35d6-4750-be5a-a7f92f33e017.

Loading /Applications/Adobe Media Encoder CC 2015.3/Adobe Media Encoder CC 2015.app/Contents/Plug-Ins/en_US/VSTPlugins/Flanger2.vst
Loading from disk...
This plugin was recognized by loader 0c25b1b0-35d6-4750-be5a-a7f92f33e017.

Loading /Applications/Adobe Media Encoder CC 2015.3/Adobe Media Encoder CC 2015.app/Contents/Plug-Ins/en_US/VSTPlugins/Flanger6.vst
Loading from disk...
This plugin was recognized by loader 0c25b1b0-35d6-4750-be5a-a7f92f33e017.

Loading /Applications/Adobe Media Encoder CC 2015.3/Adobe Media Encoder CC 2015.app/Contents/Plug-Ins/en_US/VSTPlugins/MultiBand1.vst
Loading from disk...
This plugin was recognized by loader 0c25b1b0-35d6-4750-be5a-a7f92f33e017.

Loading /Applications/Adobe Media Encoder CC 2015.3/Adobe Media Encoder CC 2015.app/Contents/Plug-Ins/en_US/VSTPlugins/MultiBand2.vst
Loading from disk...
This plugin was recognized by loader 0c25b1b0-35d6-4750-be5a-a7f92f33e017.

Loading /Applications/Adobe Media Encoder CC 2015.3/Adobe Media Encoder CC 2015.app/Contents/Plug-Ins/en_US/VSTPlugins/MultiBand6.vst
Loading from disk...
This plugin was recognized by loader 0c25b1b0-35d6-4750-be5a-a7f92f33e017.

Loading /Applications/Adobe Media Encoder CC 2015.3/Adobe Media Encoder CC 2015.app/Contents/Plug-Ins/en_US/VSTPlugins/Phaser1.vst
Loading from disk...
This plugin was recognized by loader 0c25b1b0-35d6-4750-be5a-a7f92f33e017.

Loading /Applications/Adobe Media Encoder CC 2015.3/Adobe Media Encoder CC 2015.app/Contents/Plug-Ins/en_US/VSTPlugins/Phaser2.vst
Loading from disk...
This plugin was recognized by loader 0c25b1b0-35d6-4750-be5a-a7f92f33e017.

Loading /Applications/Adobe Media Encoder CC 2015.3/Adobe Media Encoder CC 2015.app/Contents/Plug-Ins/en_US/VSTPlugins/Phaser6.vst
Loading from disk...
This plugin was recognized by loader 0c25b1b0-35d6-4750-be5a-a7f92f33e017.

Loading /Applications/Adobe Media Encoder CC 2015.3/Adobe Media Encoder CC 2015.app/Contents/Plug-Ins/en_US/VSTPlugins/PitchShifter1.vst
Loading from disk...
This plugin was recognized by loader 0c25b1b0-35d6-4750-be5a-a7f92f33e017.

Loading /Applications/Adobe Media Encoder CC 2015.3/Adobe Media Encoder CC 2015.app/Contents/Plug-Ins/en_US/VSTPlugins/PitchShifter2.vst
Loading from disk...
This plugin was recognized by loader 0c25b1b0-35d6-4750-be5a-a7f92f33e017.

Loading /Applications/Adobe Media Encoder CC 2015.3/Adobe Media Encoder CC 2015.app/Contents/Plug-Ins/en_US/VSTPlugins/PitchShifter6.vst
Loading from disk...
This plugin was recognized by loader 0c25b1b0-35d6-4750-be5a-a7f92f33e017.

Loading /Applications/Adobe Media Encoder CC 2015.3/Adobe Media Encoder CC 2015.app/Contents/Plug-Ins/en_US/VSTPlugins/Reverb1.vst
Loading from disk...
This plugin was recognized by loader 0c25b1b0-35d6-4750-be5a-a7f92f33e017.

Loading /Applications/Adobe Media Encoder CC 2015.3/Adobe Media Encoder CC 2015.app/Contents/Plug-Ins/en_US/VSTPlugins/Reverb2.vst
Loading from disk...
This plugin was recognized by loader 0c25b1b0-35d6-4750-be5a-a7f92f33e017.

Loading /Applications/Adobe Media Encoder CC 2015.3/Adobe Media Encoder CC 2015.app/Contents/Plug-Ins/en_US/VSTPlugins/Reverb6.vst
Loading from disk...
This plugin was recognized by loader 0c25b1b0-35d6-4750-be5a-a7f92f33e017.

Loading /Applications/Adobe Media Encoder CC 2015.3/Adobe Media Encoder CC 2015.app/Contents/Plug-Ins/en_US/VSTPlugins/SpectralNoiseReduction1.vst
Loading from disk...
This plugin was recognized by loader 0c25b1b0-35d6-4750-be5a-a7f92f33e017.

Loading /Applications/Adobe Media Encoder CC 2015.3/Adobe Media Encoder CC 2015.app/Contents/Plug-Ins/en_US/VSTPlugins/SpectralNoiseReduction2.vst
Loading from disk...
This plugin was recognized by loader 0c25b1b0-35d6-4750-be5a-a7f92f33e017.

Loading /Applications/Adobe Media Encoder CC 2015.3/Adobe Media Encoder CC 2015.app/Contents/Plug-Ins/en_US/VSTPlugins/SpectralNoiseReduction6.vst
Loading from disk...
This plugin was recognized by loader 0c25b1b0-35d6-4750-be5a-a7f92f33e017.

Loading from root path: /Applications/Adobe Media Encoder CC 2015.3/Adobe Media Encoder CC 2015.app/Contents/Plug-ins/Common/
Scanning for the following file types: *.bundle, *.plugin, *.prmp, *.vst

Scanning /Applications/Adobe Media Encoder CC 2015.3/Adobe Media Encoder CC 2015.app/Contents/Plug-ins/Common/ and sub-directories

Loading /Applications/Adobe Media Encoder CC 2015.3/Adobe Media Encoder CC 2015.app/Contents/Plug-Ins/Common/AEAutoColor.bundle
Loading from disk...
This plugin was recognized by loader 9ee18075-33c9-482a-b1a3-f2ab007a5a07.

Loading /Applications/Adobe Media Encoder CC 2015.3/Adobe Media Encoder CC 2015.app/Contents/Plug-Ins/Common/AEAutoContrast.bundle
Loading from disk...
This plugin was recognized by loader 9ee18075-33c9-482a-b1a3-f2ab007a5a07.

Loading /Applications/Adobe Media Encoder CC 2015.3/Adobe Media Encoder CC 2015.app/Contents/Plug-Ins/Common/AEAutoLevels.bundle
Loading from disk...
This plugin was recognized by loader 9ee18075-33c9-482a-b1a3-f2ab007a5a07.

Loading /Applications/Adobe Media Encoder CC 2015.3/Adobe Media Encoder CC 2015.app/Contents/Plug-Ins/Common/AEFilterAlphaAdjust.bundle
Loading from disk...
This plugin was recognized by loader 9ee18075-33c9-482a-b1a3-f2ab007a5a07.

Loading /Applications/Adobe Media Encoder CC 2015.3/Adobe Media Encoder CC 2015.app/Contents/Plug-Ins/Common/AEFilterClipName.bundle
Loading from disk...
This plugin was recognized by loader 9ee18075-33c9-482a-b1a3-f2ab007a5a07.

Loading /Applications/Adobe Media Encoder CC 2015.3/Adobe Media Encoder CC 2015.app/Contents/Plug-Ins/Common/AEFilterColorFast.bundle
Loading from disk...
This plugin was recognized by loader 9ee18075-33c9-482a-b1a3-f2ab007a5a07.

Loading /Applications/Adobe Media Encoder CC 2015.3/Adobe Media Encoder CC 2015.app/Contents/Plug-Ins/Common/AEFilterColorRGBCorrector.bundle
Loading from disk...
This plugin was recognized by loader 9ee18075-33c9-482a-b1a3-f2ab007a5a07.

Loading /Applications/Adobe Media Encoder CC 2015.3/Adobe Media Encoder CC 2015.app/Contents/Plug-Ins/Common/AEFilterColorThreeWay.bundle
Loading from disk...
This plugin was recognized by loader 9ee18075-33c9-482a-b1a3-f2ab007a5a07.

Loading /Applications/Adobe Media Encoder CC 2015.3/Adobe Media Encoder CC 2015.app/Contents/Plug-Ins/Common/AEFilterCrop.bundle
Loading from disk...
This plugin was recognized by loader 9ee18075-33c9-482a-b1a3-f2ab007a5a07.

Loading /Applications/Adobe Media Encoder CC 2015.3/Adobe Media Encoder CC 2015.app/Contents/Plug-Ins/Common/AEFilterCrossDissolve.bundle
Loading from disk...
This plugin was recognized by loader 9ee18075-33c9-482a-b1a3-f2ab007a5a07.

Loading /Applications/Adobe Media Encoder CC 2015.3/Adobe Media Encoder CC 2015.app/Contents/Plug-Ins/Common/AEFilterGarbageMatte.bundle
Loading from disk...
This plugin was recognized by loader 9ee18075-33c9-482a-b1a3-f2ab007a5a07.

Loading /Applications/Adobe Media Encoder CC 2015.3/Adobe Media Encoder CC 2015.app/Contents/Plug-Ins/Common/AEFilterGarbageMatte16.bundle
Loading from disk...
This plugin was recognized by loader 9ee18075-33c9-482a-b1a3-f2ab007a5a07.

Loading /Applications/Adobe Media Encoder CC 2015.3/Adobe Media Encoder CC 2015.app/Contents/Plug-Ins/Common/AEFilterGarbageMatte8.bundle
Loading from disk...
This plugin was recognized by loader 9ee18075-33c9-482a-b1a3-f2ab007a5a07.

Loading /Applications/Adobe Media Encoder CC 2015.3/Adobe Media Encoder CC 2015.app/Contents/Plug-Ins/Common/AEFilterGaussianBlur.bundle
Loading from disk...
This plugin was recognized by loader 9ee18075-33c9-482a-b1a3-f2ab007a5a07.

Loading /Applications/Adobe Media Encoder CC 2015.3/Adobe Media Encoder CC 2015.app/Contents/Plug-Ins/Common/AEFilterImageMatteKey.bundle
Loading from disk...
This plugin was recognized by loader 9ee18075-33c9-482a-b1a3-f2ab007a5a07.

Loading /Applications/Adobe Media Encoder CC 2015.3/Adobe Media Encoder CC 2015.app/Contents/Plug-Ins/Common/AEFilterLightingEffect.bundle
Loading from disk...
This plugin was recognized by loader 9ee18075-33c9-482a-b1a3-f2ab007a5a07.

Loading /Applications/Adobe Media Encoder CC 2015.3/Adobe Media Encoder CC 2015.app/Contents/Plug-Ins/Common/AEFilterLumaCorrector.bundle
Loading from disk...
This plugin was recognized by loader 9ee18075-33c9-482a-b1a3-f2ab007a5a07.

Loading /Applications/Adobe Media Encoder CC 2015.3/Adobe Media Encoder CC 2015.app/Contents/Plug-Ins/Common/AEFilterLumaCurve.bundle
Loading from disk...
This plugin was recognized by loader 9ee18075-33c9-482a-b1a3-f2ab007a5a07.

Loading /Applications/Adobe Media Encoder CC 2015.3/Adobe Media Encoder CC 2015.app/Contents/Plug-Ins/Common/AEFilterLumaKey.bundle
Loading from disk...
This plugin was recognized by loader 9ee18075-33c9-482a-b1a3-f2ab007a5a07.

Loading /Applications/Adobe Media Encoder CC 2015.3/Adobe Media Encoder CC 2015.app/Contents/Plug-Ins/Common/AEFilterLumetri.bundle
Loading from disk...
This plugin was recognized by loader 624e610b-0372-4082-b625-73865c15932b.
This plugin was recognized by loader 9ee18075-33c9-482a-b1a3-f2ab007a5a07.

Loading /Applications/Adobe Media Encoder CC 2015.3/Adobe Media Encoder CC 2015.app/Contents/Plug-Ins/Common/AEFilterMask.bundle
Loading from disk...
This plugin was recognized by loader 624e610b-0372-4082-b625-73865c15932b.
This plugin was recognized by loader 9ee18075-33c9-482a-b1a3-f2ab007a5a07.

Loading /Applications/Adobe Media Encoder CC 2015.3/Adobe Media Encoder CC 2015.app/Contents/Plug-Ins/Common/AEFilterMorphCut.bundle
Loading from disk...
This plugin was recognized by loader 624e610b-0372-4082-b625-73865c15932b.
This plugin was recognized by loader 9ee18075-33c9-482a-b1a3-f2ab007a5a07.

Loading /Applications/Adobe Media Encoder CC 2015.3/Adobe Media Encoder CC 2015.app/Contents/Plug-Ins/Common/AEFilterNonRedKey.bundle
Loading from disk...
This plugin was recognized by loader 9ee18075-33c9-482a-b1a3-f2ab007a5a07.

Loading /Applications/Adobe Media Encoder CC 2015.3/Adobe Media Encoder CC 2015.app/Contents/Plug-Ins/Common/AEFilterProcAmp.bundle
Loading from disk...
This plugin was recognized by loader 9ee18075-33c9-482a-b1a3-f2ab007a5a07.

Loading /Applications/Adobe Media Encoder CC 2015.3/Adobe Media Encoder CC 2015.app/Contents/Plug-Ins/Common/AEFilterRemoveMatte.bundle
Loading from disk...
This plugin was recognized by loader 9ee18075-33c9-482a-b1a3-f2ab007a5a07.

Loading /Applications/Adobe Media Encoder CC 2015.3/Adobe Media Encoder CC 2015.app/Contents/Plug-Ins/Common/AEFilterRGBCurves.bundle
Loading from disk...
This plugin was recognized by loader 9ee18075-33c9-482a-b1a3-f2ab007a5a07.

Loading /Applications/Adobe Media Encoder CC 2015.3/Adobe Media Encoder CC 2015.app/Contents/Plug-Ins/Common/AEFilterSDRConform.bundle
Loading from disk...
This plugin was recognized by loader 624e610b-0372-4082-b625-73865c15932b.
This plugin was recognized by loader 9ee18075-33c9-482a-b1a3-f2ab007a5a07.

Loading /Applications/Adobe Media Encoder CC 2015.3/Adobe Media Encoder CC 2015.app/Contents/Plug-Ins/Common/AEFilterTimecode.bundle
Loading from disk...
This plugin was recognized by loader 9ee18075-33c9-482a-b1a3-f2ab007a5a07.

Loading /Applications/Adobe Media Encoder CC 2015.3/Adobe Media Encoder CC 2015.app/Contents/Plug-Ins/Common/AEFilterTrackMatteKey.bundle
Loading from disk...
This plugin was recognized by loader 9ee18075-33c9-482a-b1a3-f2ab007a5a07.

Loading /Applications/Adobe Media Encoder CC 2015.3/Adobe Media Encoder CC 2015.app/Contents/Plug-Ins/Common/AEFilterUltraKey.bundle
Loading from disk...
This plugin was recognized by loader 9ee18075-33c9-482a-b1a3-f2ab007a5a07.

Loading /Applications/Adobe Media Encoder CC 2015.3/Adobe Media Encoder CC 2015.app/Contents/Plug-Ins/Common/AEFilterVideoLimiter.bundle
Loading from disk...
This plugin was recognized by loader 9ee18075-33c9-482a-b1a3-f2ab007a5a07.

Loading /Applications/Adobe Media Encoder CC 2015.3/Adobe Media Encoder CC 2015.app/Contents/Plug-Ins/Common/AEShadowHighlight.bundle
Loading from disk...
This plugin was recognized by loader 9ee18075-33c9-482a-b1a3-f2ab007a5a07.

Loading /Applications/Adobe Media Encoder CC 2015.3/Adobe Media Encoder CC 2015.app/Contents/Plug-Ins/Common/Arithmetic.bundle
Loading from disk...
This plugin was recognized by loader 9ee18075-33c9-482a-b1a3-f2ab007a5a07.

Loading /Applications/Adobe Media Encoder CC 2015.3/Adobe Media Encoder CC 2015.app/Contents/Plug-Ins/Common/ARRIRAWSourceSettings.bundle
Loading from disk...
This plugin was recognized by loader 9ee18075-33c9-482a-b1a3-f2ab007a5a07.

Loading /Applications/Adobe Media Encoder CC 2015.3/Adobe Media Encoder CC 2015.app/Contents/Plug-Ins/Common/B-C-2.bundle
Loading from disk...
This plugin was recognized by loader 9ee18075-33c9-482a-b1a3-f2ab007a5a07.

Loading /Applications/Adobe Media Encoder CC 2015.3/Adobe Media Encoder CC 2015.app/Contents/Plug-Ins/Common/Basic_3D.bundle
Loading from disk...
This plugin was recognized by loader 9ee18075-33c9-482a-b1a3-f2ab007a5a07.

Loading /Applications/Adobe Media Encoder CC 2015.3/Adobe Media Encoder CC 2015.app/Contents/Plug-Ins/Common/Bevel_Alpha.bundle
Loading from disk...
This plugin was recognized by loader 9ee18075-33c9-482a-b1a3-f2ab007a5a07.

Loading /Applications/Adobe Media Encoder CC 2015.3/Adobe Media Encoder CC 2015.app/Contents/Plug-Ins/Common/Bevel_Edges.bundle
Loading from disk...
This plugin was recognized by loader 9ee18075-33c9-482a-b1a3-f2ab007a5a07.

Loading /Applications/Adobe Media Encoder CC 2015.3/Adobe Media Encoder CC 2015.app/Contents/Plug-Ins/Common/Blend.bundle
Loading from disk...
This plugin was recognized by loader 9ee18075-33c9-482a-b1a3-f2ab007a5a07.

Loading /Applications/Adobe Media Encoder CC 2015.3/Adobe Media Encoder CC 2015.app/Contents/Plug-Ins/Common/Block_Dissolve.bundle
Loading from disk...
This plugin was recognized by loader 9ee18075-33c9-482a-b1a3-f2ab007a5a07.

Loading /Applications/Adobe Media Encoder CC 2015.3/Adobe Media Encoder CC 2015.app/Contents/Plug-Ins/Common/Broadcast_Colors.bundle
Loading from disk...
This plugin was recognized by loader 9ee18075-33c9-482a-b1a3-f2ab007a5a07.

Loading /Applications/Adobe Media Encoder CC 2015.3/Adobe Media Encoder CC 2015.app/Contents/Plug-Ins/Common/Brush_Strokes.bundle
Loading from disk...
This plugin was recognized by loader 9ee18075-33c9-482a-b1a3-f2ab007a5a07.

Loading /Applications/Adobe Media Encoder CC 2015.3/Adobe Media Encoder CC 2015.app/Contents/Plug-Ins/Common/Calculations.bundle
Loading from disk...
This plugin was recognized by loader 9ee18075-33c9-482a-b1a3-f2ab007a5a07.

Loading /Applications/Adobe Media Encoder CC 2015.3/Adobe Media Encoder CC 2015.app/Contents/Plug-Ins/Common/CellPattern.bundle
Loading from disk...
This plugin was recognized by loader 9ee18075-33c9-482a-b1a3-f2ab007a5a07.

Loading /Applications/Adobe Media Encoder CC 2015.3/Adobe Media Encoder CC 2015.app/Contents/Plug-Ins/Common/Change_Color.bundle
Loading from disk...
This plugin was recognized by loader 9ee18075-33c9-482a-b1a3-f2ab007a5a07.

Loading /Applications/Adobe Media Encoder CC 2015.3/Adobe Media Encoder CC 2015.app/Contents/Plug-Ins/Common/ChangeToColor.bundle
Loading from disk...
This plugin was recognized by loader 9ee18075-33c9-482a-b1a3-f2ab007a5a07.

Loading /Applications/Adobe Media Encoder CC 2015.3/Adobe Media Encoder CC 2015.app/Contents/Plug-Ins/Common/Channel_Blur.bundle
Loading from disk...
This plugin was recognized by loader 9ee18075-33c9-482a-b1a3-f2ab007a5a07.

Loading /Applications/Adobe Media Encoder CC 2015.3/Adobe Media Encoder CC 2015.app/Contents/Plug-Ins/Common/Channel_Mixer.bundle
Loading from disk...
This plugin was recognized by loader 9ee18075-33c9-482a-b1a3-f2ab007a5a07.

Loading /Applications/Adobe Media Encoder CC 2015.3/Adobe Media Encoder CC 2015.app/Contents/Plug-Ins/Common/Checkerboard.bundle
Loading from disk...
This plugin was recognized by loader 9ee18075-33c9-482a-b1a3-f2ab007a5a07.

Loading /Applications/Adobe Media Encoder CC 2015.3/Adobe Media Encoder CC 2015.app/Contents/Plug-Ins/Common/CinemaDNGSourceSettings.bundle
Loading from disk...
This plugin was recognized by loader 9ee18075-33c9-482a-b1a3-f2ab007a5a07.

Loading /Applications/Adobe Media Encoder CC 2015.3/Adobe Media Encoder CC 2015.app/Contents/Plug-Ins/Common/CineonEffect.bundle
Loading from disk...
This plugin was recognized by loader 9ee18075-33c9-482a-b1a3-f2ab007a5a07.

Loading /Applications/Adobe Media Encoder CC 2015.3/Adobe Media Encoder CC 2015.app/Contents/Plug-Ins/Common/Circle.bundle
Loading from disk...
This plugin was recognized by loader 9ee18075-33c9-482a-b1a3-f2ab007a5a07.

Loading /Applications/Adobe Media Encoder CC 2015.3/Adobe Media Encoder CC 2015.app/Contents/Plug-Ins/Common/Color_Balance_2.bundle
Loading from disk...
This plugin was recognized by loader 9ee18075-33c9-482a-b1a3-f2ab007a5a07.

Loading /Applications/Adobe Media Encoder CC 2015.3/Adobe Media Encoder CC 2015.app/Contents/Plug-Ins/Common/Color_Emboss.bundle
Loading from disk...
This plugin was recognized by loader 9ee18075-33c9-482a-b1a3-f2ab007a5a07.

Loading /Applications/Adobe Media Encoder CC 2015.3/Adobe Media Encoder CC 2015.app/Contents/Plug-Ins/Common/Color_HLS.bundle
Loading from disk...
This plugin was recognized by loader 9ee18075-33c9-482a-b1a3-f2ab007a5a07.

Loading /Applications/Adobe Media Encoder CC 2015.3/Adobe Media Encoder CC 2015.app/Contents/Plug-Ins/Common/Color_Key.bundle
Loading from disk...
This plugin was recognized by loader 9ee18075-33c9-482a-b1a3-f2ab007a5a07.

Loading /Applications/Adobe Media Encoder CC 2015.3/Adobe Media Encoder CC 2015.app/Contents/Plug-Ins/Common/ColorsQuad.bundle
Loading from disk...
This plugin was recognized by loader 9ee18075-33c9-482a-b1a3-f2ab007a5a07.

Loading /Applications/Adobe Media Encoder CC 2015.3/Adobe Media Encoder CC 2015.app/Contents/Plug-Ins/Common/Compound_Arith.bundle
Loading from disk...
This plugin was recognized by loader 9ee18075-33c9-482a-b1a3-f2ab007a5a07.

Loading /Applications/Adobe Media Encoder CC 2015.3/Adobe Media Encoder CC 2015.app/Contents/Plug-Ins/Common/Compound_Blur.bundle
Loading from disk...
This plugin was recognized by loader 9ee18075-33c9-482a-b1a3-f2ab007a5a07.

Loading /Applications/Adobe Media Encoder CC 2015.3/Adobe Media Encoder CC 2015.app/Contents/Plug-Ins/Common/Corner_Pin.bundle
Loading from disk...
This plugin was recognized by loader 9ee18075-33c9-482a-b1a3-f2ab007a5a07.

Loading /Applications/Adobe Media Encoder CC 2015.3/Adobe Media Encoder CC 2015.app/Contents/Plug-Ins/Common/Difference.bundle
Loading from disk...
This plugin was recognized by loader 9ee18075-33c9-482a-b1a3-f2ab007a5a07.

Loading /Applications/Adobe Media Encoder CC 2015.3/Adobe Media Encoder CC 2015.app/Contents/Plug-Ins/Common/DirectionalBlur.bundle
Loading from disk...
This plugin was recognized by loader 9ee18075-33c9-482a-b1a3-f2ab007a5a07.

Loading /Applications/Adobe Media Encoder CC 2015.3/Adobe Media Encoder CC 2015.app/Contents/Plug-Ins/Common/DPXSourceSettings.bundle
Loading from disk...
This plugin was recognized by loader 9ee18075-33c9-482a-b1a3-f2ab007a5a07.

Loading /Applications/Adobe Media Encoder CC 2015.3/Adobe Media Encoder CC 2015.app/Contents/Plug-Ins/Common/Drop_Shadow.bundle
Loading from disk...
This plugin was recognized by loader 9ee18075-33c9-482a-b1a3-f2ab007a5a07.

Loading /Applications/Adobe Media Encoder CC 2015.3/Adobe Media Encoder CC 2015.app/Contents/Plug-Ins/Common/Dust.bundle
Loading from disk...
This plugin was recognized by loader 9ee18075-33c9-482a-b1a3-f2ab007a5a07.

Loading /Applications/Adobe Media Encoder CC 2015.3/Adobe Media Encoder CC 2015.app/Contents/Plug-Ins/Common/Echo.bundle
Loading from disk...
This plugin was recognized by loader 9ee18075-33c9-482a-b1a3-f2ab007a5a07.

Loading /Applications/Adobe Media Encoder CC 2015.3/Adobe Media Encoder CC 2015.app/Contents/Plug-Ins/Common/Ellipse.bundle
Loading from disk...
This plugin was recognized by loader 9ee18075-33c9-482a-b1a3-f2ab007a5a07.

Loading /Applications/Adobe Media Encoder CC 2015.3/Adobe Media Encoder CC 2015.app/Contents/Plug-Ins/Common/Emboss.bundle
Loading from disk...
This plugin was recognized by loader 9ee18075-33c9-482a-b1a3-f2ab007a5a07.

Loading /Applications/Adobe Media Encoder CC 2015.3/Adobe Media Encoder CC 2015.app/Contents/Plug-Ins/Common/Equalize.bundle
Loading from disk...
This plugin was recognized by loader 9ee18075-33c9-482a-b1a3-f2ab007a5a07.

Loading /Applications/Adobe Media Encoder CC 2015.3/Adobe Media Encoder CC 2015.app/Contents/Plug-Ins/Common/ExporterAIFF.bundle
Loading from disk...
This plugin was recognized by loader d3092dcf-904a-4a97-b4ca-66aed7540d57.

Loading /Applications/Adobe Media Encoder CC 2015.3/Adobe Media Encoder CC 2015.app/Contents/Plug-Ins/Common/ExporterDPX.bundle
Loading from disk...
This plugin was recognized by loader d3092dcf-904a-4a97-b4ca-66aed7540d57.

Loading /Applications/Adobe Media Encoder CC 2015.3/Adobe Media Encoder CC 2015.app/Contents/Plug-Ins/Common/ExporterJPEG.bundle
Loading from disk...
This plugin was recognized by loader d3092dcf-904a-4a97-b4ca-66aed7540d57.

Loading /Applications/Adobe Media Encoder CC 2015.3/Adobe Media Encoder CC 2015.app/Contents/Plug-Ins/Common/ExporterMP3.bundle
Loading from disk...
This plugin was recognized by loader d3092dcf-904a-4a97-b4ca-66aed7540d57.

Loading /Applications/Adobe Media Encoder CC 2015.3/Adobe Media Encoder CC 2015.app/Contents/Plug-Ins/Common/ExporterMPEG2.bundle
Loading from disk...
This plugin was recognized by loader d3092dcf-904a-4a97-b4ca-66aed7540d57.
This plugin was recognized by loader d3092dcf-904a-4a97-b4ca-66aed7540d57.
This plugin was recognized by loader d3092dcf-904a-4a97-b4ca-66aed7540d57.

Loading /Applications/Adobe Media Encoder CC 2015.3/Adobe Media Encoder CC 2015.app/Contents/Plug-Ins/Common/ExporterMPEG4.bundle
Loading from disk...
This plugin was recognized by loader d3092dcf-904a-4a97-b4ca-66aed7540d57.
This plugin was recognized by loader d3092dcf-904a-4a97-b4ca-66aed7540d57.
This plugin was recognized by loader d3092dcf-904a-4a97-b4ca-66aed7540d57.
This plugin was recognized by loader d3092dcf-904a-4a97-b4ca-66aed7540d57.
This plugin was recognized by loader d3092dcf-904a-4a97-b4ca-66aed7540d57.

Loading /Applications/Adobe Media Encoder CC 2015.3/Adobe Media Encoder CC 2015.app/Contents/Plug-Ins/Common/ExporterMPEGPreview.bundle
Loading from disk...
This plugin was recognized by loader d3092dcf-904a-4a97-b4ca-66aed7540d57.

Loading /Applications/Adobe Media Encoder CC 2015.3/Adobe Media Encoder CC 2015.app/Contents/Plug-Ins/Common/ExporterMXF.bundle
Loading from disk...
This plugin was recognized by loader d3092dcf-904a-4a97-b4ca-66aed7540d57.
This plugin was recognized by loader d3092dcf-904a-4a97-b4ca-66aed7540d57.

Loading /Applications/Adobe Media Encoder CC 2015.3/Adobe Media Encoder CC 2015.app/Contents/Plug-Ins/Common/ExporterP2.bundle
Loading from disk...
This plugin was recognized by loader d3092dcf-904a-4a97-b4ca-66aed7540d57.

Loading /Applications/Adobe Media Encoder CC 2015.3/Adobe Media Encoder CC 2015.app/Contents/Plug-Ins/Common/ExporterPNG.bundle
Loading from disk...
This plugin was recognized by loader d3092dcf-904a-4a97-b4ca-66aed7540d57.

Loading /Applications/Adobe Media Encoder CC 2015.3/Adobe Media Encoder CC 2015.app/Contents/Plug-Ins/Common/ExporterTarga.bundle
Loading from disk...
This plugin was recognized by loader d3092dcf-904a-4a97-b4ca-66aed7540d57.

Loading /Applications/Adobe Media Encoder CC 2015.3/Adobe Media Encoder CC 2015.app/Contents/Plug-Ins/Common/ExporterTIFF.bundle
Loading from disk...
This plugin was recognized by loader d3092dcf-904a-4a97-b4ca-66aed7540d57.

Loading /Applications/Adobe Media Encoder CC 2015.3/Adobe Media Encoder CC 2015.app/Contents/Plug-Ins/Common/ExporterXDCAMHD.bundle
Loading from disk...
This plugin was recognized by loader d3092dcf-904a-4a97-b4ca-66aed7540d57.
This plugin was recognized by loader d3092dcf-904a-4a97-b4ca-66aed7540d57.
This plugin was recognized by loader d3092dcf-904a-4a97-b4ca-66aed7540d57.

Loading /Applications/Adobe Media Encoder CC 2015.3/Adobe Media Encoder CC 2015.app/Contents/Plug-Ins/Common/EyedropperFill.bundle
Loading from disk...
This plugin was recognized by loader 9ee18075-33c9-482a-b1a3-f2ab007a5a07.

Loading /Applications/Adobe Media Encoder CC 2015.3/Adobe Media Encoder CC 2015.app/Contents/Plug-Ins/Common/F65SourceSettings.bundle
Loading from disk...
This plugin was recognized by loader 9ee18075-33c9-482a-b1a3-f2ab007a5a07.

Loading /Applications/Adobe Media Encoder CC 2015.3/Adobe Media Encoder CC 2015.app/Contents/Plug-Ins/Common/Fast_Blur.bundle
Loading from disk...
This plugin was recognized by loader 9ee18075-33c9-482a-b1a3-f2ab007a5a07.

Loading /Applications/Adobe Media Encoder CC 2015.3/Adobe Media Encoder CC 2015.app/Contents/Plug-Ins/Common/FCPXProjectConverter.bundle
Loading from disk...
This plugin was recognized by loader 2d887736-82fa-4239-9b42-9019215e470d.

Loading /Applications/Adobe Media Encoder CC 2015.3/Adobe Media Encoder CC 2015.app/Contents/Plug-Ins/Common/Find_Edges.bundle
Loading from disk...
This plugin was recognized by loader 9ee18075-33c9-482a-b1a3-f2ab007a5a07.

Loading /Applications/Adobe Media Encoder CC 2015.3/Adobe Media Encoder CC 2015.app/Contents/Plug-Ins/Common/Gradient_Wipe.bundle
Loading from disk...
This plugin was recognized by loader 9ee18075-33c9-482a-b1a3-f2ab007a5a07.

Loading /Applications/Adobe Media Encoder CC 2015.3/Adobe Media Encoder CC 2015.app/Contents/Plug-Ins/Common/Grid.bundle
Loading from disk...
This plugin was recognized by loader 9ee18075-33c9-482a-b1a3-f2ab007a5a07.

Loading /Applications/Adobe Media Encoder CC 2015.3/Adobe Media Encoder CC 2015.app/Contents/Plug-Ins/Common/ImporterAIEPS.bundle
Loading from disk...
This plugin was recognized by loader ba1058cd-0007-44e4-bf1a-0ef51307b979.

Loading /Applications/Adobe Media Encoder CC 2015.3/Adobe Media Encoder CC 2015.app/Contents/Plug-Ins/Common/ImporterAiff.bundle
Loading from disk...
This plugin was recognized by loader ba1058cd-0007-44e4-bf1a-0ef51307b979.

Loading /Applications/Adobe Media Encoder CC 2015.3/Adobe Media Encoder CC 2015.app/Contents/Plug-Ins/Common/ImporterARRIRAW.bundle
Loading from disk...
This plugin was recognized by loader ba1058cd-0007-44e4-bf1a-0ef51307b979.

Loading /Applications/Adobe Media Encoder CC 2015.3/Adobe Media Encoder CC 2015.app/Contents/Plug-Ins/Common/ImporterASND.bundle
Loading from disk...
This plugin was recognized by loader ba1058cd-0007-44e4-bf1a-0ef51307b979.

Loading /Applications/Adobe Media Encoder CC 2015.3/Adobe Media Encoder CC 2015.app/Contents/Plug-Ins/Common/ImporterBarsAndTone.bundle
Loading from disk...
This plugin was recognized by loader ba1058cd-0007-44e4-bf1a-0ef51307b979.

Loading /Applications/Adobe Media Encoder CC 2015.3/Adobe Media Encoder CC 2015.app/Contents/Plug-Ins/Common/ImporterBlackMatte.bundle
Loading from disk...
This plugin was recognized by loader ba1058cd-0007-44e4-bf1a-0ef51307b979.

Loading /Applications/Adobe Media Encoder CC 2015.3/Adobe Media Encoder CC 2015.app/Contents/Plug-Ins/Common/ImporterCaptioning.bundle
Loading from disk...
This plugin was recognized by loader ba1058cd-0007-44e4-bf1a-0ef51307b979.

Loading /Applications/Adobe Media Encoder CC 2015.3/Adobe Media Encoder CC 2015.app/Contents/Plug-Ins/Common/ImporterColorMatte.bundle
Loading from disk...
This plugin was recognized by loader ba1058cd-0007-44e4-bf1a-0ef51307b979.

Loading /Applications/Adobe Media Encoder CC 2015.3/Adobe Media Encoder CC 2015.app/Contents/Plug-Ins/Common/ImporterDPX.bundle
Loading from disk...
This plugin was recognized by loader ba1058cd-0007-44e4-bf1a-0ef51307b979.

Loading /Applications/Adobe Media Encoder CC 2015.3/Adobe Media Encoder CC 2015.app/Contents/Plug-Ins/Common/ImporterF65.bundle
Loading from disk...
This plugin was recognized by loader ba1058cd-0007-44e4-bf1a-0ef51307b979.

Loading /Applications/Adobe Media Encoder CC 2015.3/Adobe Media Encoder CC 2015.app/Contents/Plug-Ins/Common/ImporterFastMPEG.bundle
Loading from disk...
This plugin was recognized by loader ba1058cd-0007-44e4-bf1a-0ef51307b979.

Loading /Applications/Adobe Media Encoder CC 2015.3/Adobe Media Encoder CC 2015.app/Contents/Plug-Ins/Common/ImporterFLV.bundle
Loading from disk...
This plugin was recognized by loader ba1058cd-0007-44e4-bf1a-0ef51307b979.

Loading /Applications/Adobe Media Encoder CC 2015.3/Adobe Media Encoder CC 2015.app/Contents/Plug-Ins/Common/ImporterHDBarsAndTone.bundle
Loading from disk...
This plugin was recognized by loader ba1058cd-0007-44e4-bf1a-0ef51307b979.

Loading /Applications/Adobe Media Encoder CC 2015.3/Adobe Media Encoder CC 2015.app/Contents/Plug-Ins/Common/ImporterJPEG.bundle
Loading from disk...
This plugin was recognized by loader ba1058cd-0007-44e4-bf1a-0ef51307b979.

Loading /Applications/Adobe Media Encoder CC 2015.3/Adobe Media Encoder CC 2015.app/Contents/Plug-Ins/Common/ImporterLeader.bundle
Loading from disk...
This plugin was recognized by loader ba1058cd-0007-44e4-bf1a-0ef51307b979.

Loading /Applications/Adobe Media Encoder CC 2015.3/Adobe Media Encoder CC 2015.app/Contents/Plug-Ins/Common/ImporterLumetri.bundle
Loading from disk...
This plugin was recognized by loader ba1058cd-0007-44e4-bf1a-0ef51307b979.

Loading /Applications/Adobe Media Encoder CC 2015.3/Adobe Media Encoder CC 2015.app/Contents/Plug-Ins/Common/ImporterMP3.bundle
Loading from disk...
This plugin was recognized by loader ba1058cd-0007-44e4-bf1a-0ef51307b979.

Loading /Applications/Adobe Media Encoder CC 2015.3/Adobe Media Encoder CC 2015.app/Contents/Plug-Ins/Common/ImporterMPEG.bundle
Loading from disk...
This plugin was recognized by loader ba1058cd-0007-44e4-bf1a-0ef51307b979.

Loading /Applications/Adobe Media Encoder CC 2015.3/Adobe Media Encoder CC 2015.app/Contents/Plug-Ins/Common/ImporterMXF.bundle
Loading from disk...
This plugin was recognized by loader ba1058cd-0007-44e4-bf1a-0ef51307b979.

Loading /Applications/Adobe Media Encoder CC 2015.3/Adobe Media Encoder CC 2015.app/Contents/Plug-Ins/Common/ImporterPhotoshopProxy.bundle
Loading from disk...
This plugin was recognized by loader ba1058cd-0007-44e4-bf1a-0ef51307b979.

Loading /Applications/Adobe Media Encoder CC 2015.3/Adobe Media Encoder CC 2015.app/Contents/Plug-Ins/Common/ImporterPNG.bundle
Loading from disk...
This plugin was recognized by loader ba1058cd-0007-44e4-bf1a-0ef51307b979.

Loading /Applications/Adobe Media Encoder CC 2015.3/Adobe Media Encoder CC 2015.app/Contents/Plug-Ins/Common/ImporterRED.bundle
Loading from disk...
This plugin was recognized by loader ba1058cd-0007-44e4-bf1a-0ef51307b979.

Loading /Applications/Adobe Media Encoder CC 2015.3/Adobe Media Encoder CC 2015.app/Contents/Plug-Ins/Common/ImporterTarga.bundle
Loading from disk...
This plugin was recognized by loader ba1058cd-0007-44e4-bf1a-0ef51307b979.

Loading /Applications/Adobe Media Encoder CC 2015.3/Adobe Media Encoder CC 2015.app/Contents/Plug-Ins/Common/ImporterTiff.bundle
Loading from disk...
This plugin was recognized by loader ba1058cd-0007-44e4-bf1a-0ef51307b979.

Loading /Applications/Adobe Media Encoder CC 2015.3/Adobe Media Encoder CC 2015.app/Contents/Plug-Ins/Common/ImporterTransparentMatte.bundle
Loading from disk...
This plugin was recognized by loader ba1058cd-0007-44e4-bf1a-0ef51307b979.

Loading /Applications/Adobe Media Encoder CC 2015.3/Adobe Media Encoder CC 2015.app/Contents/Plug-Ins/Common/ImporterWave.bundle
Loading from disk...
This plugin was recognized by loader ba1058cd-0007-44e4-bf1a-0ef51307b979.

Loading /Applications/Adobe Media Encoder CC 2015.3/Adobe Media Encoder CC 2015.app/Contents/Plug-Ins/Common/ImporterXDCAMEX.bundle
Loading from disk...
This plugin was recognized by loader ba1058cd-0007-44e4-bf1a-0ef51307b979.

Loading /Applications/Adobe Media Encoder CC 2015.3/Adobe Media Encoder CC 2015.app/Contents/Plug-Ins/Common/Invert.bundle
Loading from disk...
This plugin was recognized by loader 9ee18075-33c9-482a-b1a3-f2ab007a5a07.

Loading /Applications/Adobe Media Encoder CC 2015.3/Adobe Media Encoder CC 2015.app/Contents/Plug-Ins/Common/Leave_Color.bundle
Loading from disk...
This plugin was recognized by loader 9ee18075-33c9-482a-b1a3-f2ab007a5a07.

Loading /Applications/Adobe Media Encoder CC 2015.3/Adobe Media Encoder CC 2015.app/Contents/Plug-Ins/Common/Lens_Flare.bundle
Loading from disk...
This plugin was recognized by loader 9ee18075-33c9-482a-b1a3-f2ab007a5a07.

Loading /Applications/Adobe Media Encoder CC 2015.3/Adobe Media Encoder CC 2015.app/Contents/Plug-Ins/Common/Lightning.bundle
Loading from disk...
This plugin was recognized by loader 9ee18075-33c9-482a-b1a3-f2ab007a5a07.

Loading /Applications/Adobe Media Encoder CC 2015.3/Adobe Media Encoder CC 2015.app/Contents/Plug-Ins/Common/Linear_Wipe.bundle
Loading from disk...
This plugin was recognized by loader 9ee18075-33c9-482a-b1a3-f2ab007a5a07.

Loading /Applications/Adobe Media Encoder CC 2015.3/Adobe Media Encoder CC 2015.app/Contents/Plug-Ins/Common/Magnify.bundle
Loading from disk...
This plugin was recognized by loader 9ee18075-33c9-482a-b1a3-f2ab007a5a07.

Loading /Applications/Adobe Media Encoder CC 2015.3/Adobe Media Encoder CC 2015.app/Contents/Plug-Ins/Common/Median.bundle
Loading from disk...
This plugin was recognized by loader 9ee18075-33c9-482a-b1a3-f2ab007a5a07.

Loading /Applications/Adobe Media Encoder CC 2015.3/Adobe Media Encoder CC 2015.app/Contents/Plug-Ins/Common/Mirror.bundle
Loading from disk...
This plugin was recognized by loader 9ee18075-33c9-482a-b1a3-f2ab007a5a07.

Loading /Applications/Adobe Media Encoder CC 2015.3/Adobe Media Encoder CC 2015.app/Contents/Plug-Ins/Common/Mosaic.bundle
Loading from disk...
This plugin was recognized by loader 9ee18075-33c9-482a-b1a3-f2ab007a5a07.

Loading /Applications/Adobe Media Encoder CC 2015.3/Adobe Media Encoder CC 2015.app/Contents/Plug-Ins/Common/Motion.bundle
Loading from disk...
This plugin was recognized by loader 9ee18075-33c9-482a-b1a3-f2ab007a5a07.

Loading /Applications/Adobe Media Encoder CC 2015.3/Adobe Media Encoder CC 2015.app/Contents/Plug-Ins/Common/Noise.bundle
Loading from disk...
This plugin was recognized by loader 9ee18075-33c9-482a-b1a3-f2ab007a5a07.

Loading /Applications/Adobe Media Encoder CC 2015.3/Adobe Media Encoder CC 2015.app/Contents/Plug-Ins/Common/NoiseAlpha.bundle
Loading from disk...
This plugin was recognized by loader 9ee18075-33c9-482a-b1a3-f2ab007a5a07.

Loading /Applications/Adobe Media Encoder CC 2015.3/Adobe Media Encoder CC 2015.app/Contents/Plug-Ins/Common/NoiseHLS.bundle
Loading from disk...
This plugin was recognized by loader 9ee18075-33c9-482a-b1a3-f2ab007a5a07.

Loading /Applications/Adobe Media Encoder CC 2015.3/Adobe Media Encoder CC 2015.app/Contents/Plug-Ins/Common/NoiseHLSAuto.bundle
Loading from disk...
This plugin was recognized by loader 9ee18075-33c9-482a-b1a3-f2ab007a5a07.

Loading /Applications/Adobe Media Encoder CC 2015.3/Adobe Media Encoder CC 2015.app/Contents/Plug-Ins/Common/Offset.bundle
Loading from disk...
This plugin was recognized by loader 9ee18075-33c9-482a-b1a3-f2ab007a5a07.

Loading /Applications/Adobe Media Encoder CC 2015.3/Adobe Media Encoder CC 2015.app/Contents/Plug-Ins/Common/Opacity.bundle
Loading from disk...
This plugin was recognized by loader 9ee18075-33c9-482a-b1a3-f2ab007a5a07.

Loading /Applications/Adobe Media Encoder CC 2015.3/Adobe Media Encoder CC 2015.app/Contents/Plug-Ins/Common/OpenEXR Premiere.bundle
Loading from disk...
This plugin was recognized by loader d3092dcf-904a-4a97-b4ca-66aed7540d57.
This plugin was recognized by loader ba1058cd-0007-44e4-bf1a-0ef51307b979.

Loading /Applications/Adobe Media Encoder CC 2015.3/Adobe Media Encoder CC 2015.app/Contents/Plug-Ins/Common/PaintBucket.bundle
Loading from disk...
This plugin was recognized by loader 9ee18075-33c9-482a-b1a3-f2ab007a5a07.

Loading /Applications/Adobe Media Encoder CC 2015.3/Adobe Media Encoder CC 2015.app/Contents/Plug-Ins/Common/PlayerMediaCore.bundle
Loading from disk...
This plugin was recognized by loader c9936cb9-1979-48c8-bf22-dbe0ec323274.
This plugin was recognized by loader 1b5bc335-92e5-4479-bd38-d18bedec69b2.
This plugin was recognized by loader 1b5bc335-92e5-4479-bd38-d18bedec69b2.

Loading /Applications/Adobe Media Encoder CC 2015.3/Adobe Media Encoder CC 2015.app/Contents/Plug-Ins/Common/Posterize.bundle
Loading from disk...
This plugin was recognized by loader 9ee18075-33c9-482a-b1a3-f2ab007a5a07.

Loading /Applications/Adobe Media Encoder CC 2015.3/Adobe Media Encoder CC 2015.app/Contents/Plug-Ins/Common/Posterize_Time.bundle
Loading from disk...
This plugin was recognized by loader 9ee18075-33c9-482a-b1a3-f2ab007a5a07.

Loading /Applications/Adobe Media Encoder CC 2015.3/Adobe Media Encoder CC 2015.app/Contents/Plug-Ins/Common/PremiereFiltersMetaPlugin.prmp

Loading /Applications/Adobe Media Encoder CC 2015.3/Adobe Media Encoder CC 2015.app/Contents/Plug-Ins/Common/Radial_Wipe.bundle
Loading from disk...
This plugin was recognized by loader 9ee18075-33c9-482a-b1a3-f2ab007a5a07.

Loading /Applications/Adobe Media Encoder CC 2015.3/Adobe Media Encoder CC 2015.app/Contents/Plug-Ins/Common/RadialShadow.bundle
Loading from disk...
This plugin was recognized by loader 9ee18075-33c9-482a-b1a3-f2ab007a5a07.

Loading /Applications/Adobe Media Encoder CC 2015.3/Adobe Media Encoder CC 2015.app/Contents/Plug-Ins/Common/Ramp.bundle
Loading from disk...
This plugin was recognized by loader 9ee18075-33c9-482a-b1a3-f2ab007a5a07.

Loading /Applications/Adobe Media Encoder CC 2015.3/Adobe Media Encoder CC 2015.app/Contents/Plug-Ins/Common/REDSourceSettings.bundle
Loading from disk...
This plugin was recognized by loader 9ee18075-33c9-482a-b1a3-f2ab007a5a07.

Loading /Applications/Adobe Media Encoder CC 2015.3/Adobe Media Encoder CC 2015.app/Contents/Plug-Ins/Common/RollingShutter.bundle
Loading from disk...
This plugin was recognized by loader 9ee18075-33c9-482a-b1a3-f2ab007a5a07.

Loading /Applications/Adobe Media Encoder CC 2015.3/Adobe Media Encoder CC 2015.app/Contents/Plug-Ins/Common/RoughenEdges.bundle
Loading from disk...
This plugin was recognized by loader 9ee18075-33c9-482a-b1a3-f2ab007a5a07.

Loading /Applications/Adobe Media Encoder CC 2015.3/Adobe Media Encoder CC 2015.app/Contents/Plug-Ins/Common/Set_Matte.bundle
Loading from disk...
This plugin was recognized by loader 9ee18075-33c9-482a-b1a3-f2ab007a5a07.

Loading /Applications/Adobe Media Encoder CC 2015.3/Adobe Media Encoder CC 2015.app/Contents/Plug-Ins/Common/Sharpen.bundle
Loading from disk...
This plugin was recognized by loader 9ee18075-33c9-482a-b1a3-f2ab007a5a07.

Loading /Applications/Adobe Media Encoder CC 2015.3/Adobe Media Encoder CC 2015.app/Contents/Plug-Ins/Common/SolidComposite.bundle
Loading from disk...
This plugin was recognized by loader 9ee18075-33c9-482a-b1a3-f2ab007a5a07.

Loading /Applications/Adobe Media Encoder CC 2015.3/Adobe Media Encoder CC 2015.app/Contents/Plug-Ins/Common/Spherize.bundle
Loading from disk...
This plugin was recognized by loader 9ee18075-33c9-482a-b1a3-f2ab007a5a07.

Loading /Applications/Adobe Media Encoder CC 2015.3/Adobe Media Encoder CC 2015.app/Contents/Plug-Ins/Common/Stabilizer.bundle
Loading from disk...
This plugin was recognized by loader 9ee18075-33c9-482a-b1a3-f2ab007a5a07.

Loading /Applications/Adobe Media Encoder CC 2015.3/Adobe Media Encoder CC 2015.app/Contents/Plug-Ins/Common/Strobe_Light.bundle
Loading from disk...
This plugin was recognized by loader 9ee18075-33c9-482a-b1a3-f2ab007a5a07.

Loading /Applications/Adobe Media Encoder CC 2015.3/Adobe Media Encoder CC 2015.app/Contents/Plug-Ins/Common/Texturize.bundle
Loading from disk...
This plugin was recognized by loader 9ee18075-33c9-482a-b1a3-f2ab007a5a07.

Loading /Applications/Adobe Media Encoder CC 2015.3/Adobe Media Encoder CC 2015.app/Contents/Plug-Ins/Common/Threshold.bundle
Loading from disk...
This plugin was recognized by loader 9ee18075-33c9-482a-b1a3-f2ab007a5a07.

Loading /Applications/Adobe Media Encoder CC 2015.3/Adobe Media Encoder CC 2015.app/Contents/Plug-Ins/Common/Tint.bundle
Loading from disk...
This plugin was recognized by loader 9ee18075-33c9-482a-b1a3-f2ab007a5a07.

Loading /Applications/Adobe Media Encoder CC 2015.3/Adobe Media Encoder CC 2015.app/Contents/Plug-Ins/Common/Transform.bundle
Loading from disk...
This plugin was recognized by loader 9ee18075-33c9-482a-b1a3-f2ab007a5a07.

Loading /Applications/Adobe Media Encoder CC 2015.3/Adobe Media Encoder CC 2015.app/Contents/Plug-Ins/Common/TransitionsMetaPlugin.prmp

Loading /Applications/Adobe Media Encoder CC 2015.3/Adobe Media Encoder CC 2015.app/Contents/Plug-Ins/Common/TurbulentDisplace.bundle
Loading from disk...
This plugin was recognized by loader 9ee18075-33c9-482a-b1a3-f2ab007a5a07.

Loading /Applications/Adobe Media Encoder CC 2015.3/Adobe Media Encoder CC 2015.app/Contents/Plug-Ins/Common/Twirl.bundle
Loading from disk...
This plugin was recognized by loader 9ee18075-33c9-482a-b1a3-f2ab007a5a07.

Loading /Applications/Adobe Media Encoder CC 2015.3/Adobe Media Encoder CC 2015.app/Contents/Plug-Ins/Common/Unsharp_Mask.bundle
Loading from disk...
This plugin was recognized by loader 9ee18075-33c9-482a-b1a3-f2ab007a5a07.

Loading /Applications/Adobe Media Encoder CC 2015.3/Adobe Media Encoder CC 2015.app/Contents/Plug-Ins/Common/Venetian_Blinds.bundle
Loading from disk...
This plugin was recognized by loader 9ee18075-33c9-482a-b1a3-f2ab007a5a07.

Loading /Applications/Adobe Media Encoder CC 2015.3/Adobe Media Encoder CC 2015.app/Contents/Plug-Ins/Common/VST3/AnalogDelay.vst3/Contents/Resources/AnalogDelayCore.bundle
Loading from disk...
No loaders recognized this plugin, so the plugin is set to Ignore.

Loading /Applications/Adobe Media Encoder CC 2015.3/Adobe Media Encoder CC 2015.app/Contents/Plug-Ins/Common/VST3/ChorusFlanger.vst3/Contents/Resources/ChorusFlangerCore.bundle
Loading from disk...
No loaders recognized this plugin, so the plugin is set to Ignore.

Loading /Applications/Adobe Media Encoder CC 2015.3/Adobe Media Encoder CC 2015.app/Contents/Plug-Ins/Common/VST3/ConvolutionReverb.vst3/Contents/Resources/ConvolutionReverbCore.bundle
Loading from disk...
No loaders recognized this plugin, so the plugin is set to Ignore.

Loading /Applications/Adobe Media Encoder CC 2015.3/Adobe Media Encoder CC 2015.app/Contents/Plug-Ins/Common/VST3/DeEsser.vst3/Contents/Resources/DeEsserCore.bundle
Loading from disk...
No loaders recognized this plugin, so the plugin is set to Ignore.

Loading /Applications/Adobe Media Encoder CC 2015.3/Adobe Media Encoder CC 2015.app/Contents/Plug-Ins/Common/VST3/DeHummer.vst3/Contents/Resources/DeHummerCore.bundle
Loading from disk...
No loaders recognized this plugin, so the plugin is set to Ignore.

Loading /Applications/Adobe Media Encoder CC 2015.3/Adobe Media Encoder CC 2015.app/Contents/Plug-Ins/Common/VST3/Distortion.vst3/Contents/Resources/DistortionCore.bundle
Loading from disk...
No loaders recognized this plugin, so the plugin is set to Ignore.

Loading /Applications/Adobe Media Encoder CC 2015.3/Adobe Media Encoder CC 2015.app/Contents/Plug-Ins/Common/VST3/GuitarSuite.vst3/Contents/Resources/GuitarSuiteCore.bundle
Loading from disk...
No loaders recognized this plugin, so the plugin is set to Ignore.

Loading /Applications/Adobe Media Encoder CC 2015.3/Adobe Media Encoder CC 2015.app/Contents/Plug-Ins/Common/VST3/MultiBandCompressor.vst3/Contents/Resources/MultiBandCompressorCore.bundle
Loading from disk...
No loaders recognized this plugin, so the plugin is set to Ignore.

Loading /Applications/Adobe Media Encoder CC 2015.3/Adobe Media Encoder CC 2015.app/Contents/Plug-Ins/Common/VST3/Phaser.vst3/Contents/Resources/PhaserCore.bundle
Loading from disk...
No loaders recognized this plugin, so the plugin is set to Ignore.

Loading /Applications/Adobe Media Encoder CC 2015.3/Adobe Media Encoder CC 2015.app/Contents/Plug-Ins/Common/VST3/SimpleMastering.vst3/Contents/Resources/SimpleMasteringCore.bundle
Loading from disk...
No loaders recognized this plugin, so the plugin is set to Ignore.

Loading /Applications/Adobe Media Encoder CC 2015.3/Adobe Media Encoder CC 2015.app/Contents/Plug-Ins/Common/VST3/SingleBandCompressor.vst3/Contents/Resources/SingleBandCompressorCore.bundle
Loading from disk...
No loaders recognized this plugin, so the plugin is set to Ignore.

Loading /Applications/Adobe Media Encoder CC 2015.3/Adobe Media Encoder CC 2015.app/Contents/Plug-Ins/Common/VST3/SurroundReverb.vst3/Contents/Resources/SurroundReverbCore.bundle
Loading from disk...
No loaders recognized this plugin, so the plugin is set to Ignore.

Loading /Applications/Adobe Media Encoder CC 2015.3/Adobe Media Encoder CC 2015.app/Contents/Plug-Ins/Common/VST3/TubeModeledCompressor.vst3/Contents/Resources/TubeModeledCompressorCore.bundle
Loading from disk...
No loaders recognized this plugin, so the plugin is set to Ignore.

Loading /Applications/Adobe Media Encoder CC 2015.3/Adobe Media Encoder CC 2015.app/Contents/Plug-Ins/Common/VST3/VocalEnhancer.vst3/Contents/Resources/VocalEnhancerCore.bundle
Loading from disk...
No loaders recognized this plugin, so the plugin is set to Ignore.

Loading /Applications/Adobe Media Encoder CC 2015.3/Adobe Media Encoder CC 2015.app/Contents/Plug-Ins/Common/Wave_Warp.bundle
Loading from disk...
This plugin was recognized by loader 9ee18075-33c9-482a-b1a3-f2ab007a5a07.

Loading /Applications/Adobe Media Encoder CC 2015.3/Adobe Media Encoder CC 2015.app/Contents/Plug-Ins/Common/wraptor.bundle
Loading from disk...
This plugin was recognized by loader d3092dcf-904a-4a97-b4ca-66aed7540d57.

Loading /Applications/Adobe Media Encoder CC 2015.3/Adobe Media Encoder CC 2015.app/Contents/Plug-Ins/Common/Write_on.bundle
Loading from disk...
This plugin was recognized by loader 9ee18075-33c9-482a-b1a3-f2ab007a5a07.

Loading /Applications/Adobe Media Encoder CC 2015.3/Adobe Media Encoder CC 2015.app/Contents/Plug-Ins/Common/ExporterQuickTimeHost.bundle
Loading from disk...
This plugin was recognized by loader d3092dcf-904a-4a97-b4ca-66aed7540d57.

Loading /Applications/Adobe Media Encoder CC 2015.3/Adobe Media Encoder CC 2015.app/Contents/Plug-Ins/Common/ImporterQuickTime.bundle
Loading from disk...
This plugin was recognized by loader ba1058cd-0007-44e4-bf1a-0ef51307b979.

Loading /Applications/Adobe Media Encoder CC 2015.3/Adobe Media Encoder CC 2015.app/Contents/Plug-Ins/Common/ExporterCoreAudio.bundle
Loading from disk...
This plugin was recognized by loader d3092dcf-904a-4a97-b4ca-66aed7540d57.

Loading from root path: /Library/Application Support/Adobe/Common/Plug-ins/7.0/MediaCore
Scanning for the following file types: *.bundle, *.plugin, *.prmp, *.vst

Scanning /Library/Application Support/Adobe/Common/Plug-ins/7.0/MediaCore and sub-directories

